Using pre-set license
Built from '2020.3/staging' branch; Version is '2020.3.18f1 (a7d1c678663c) revision 10998214'; Using compiler version '192528614'; Build Type 'Release'
OS: 'Windows 10 Home; OS build 19042.1288; Version 2009; 64bit' Language: 'pl' Physical Memory: 16268 MB
BatchMode: 1, IsHumanControllingUs: 0, StartBugReporterOnCrash: 0, Is64bit: 1, IsPro: 0

COMMAND LINE ARGUMENTS:
C:\Program Files\Unity\Hub\Editor\2020.3.18f1\Editor\Unity.exe
-adb2
-batchMode
-noUpm
-name
AssetImportWorker0
-projectPath
C:/Construction/Construction
-logFile
Logs/AssetImportWorker0.log
-srvPort
<<<<<<< Updated upstream
59178
Successfully changed project path to: C:/Users/Spy/Desktop/ConstructionGit/Construction/Construction
C:/Users/Spy/Desktop/ConstructionGit/Construction/Construction
Using Asset Import Pipeline V2.
Refreshing native plugins compatible for Editor in 122.96 ms, found 2 plugins.
=======
60780
Successfully changed project path to: C:/Construction/Construction
C:/Construction/Construction
Using Asset Import Pipeline V2.
Refreshing native plugins compatible for Editor in 34.02 ms, found 2 plugins.
>>>>>>> Stashed changes
Preloading 0 native plugins for Editor in 0.00 ms.
Initialize engine version: 2020.3.18f1 (a7d1c678663c)
[Subsystems] Discovering subsystems at path C:/Program Files/Unity/Hub/Editor/2020.3.18f1/Editor/Data/Resources/UnitySubsystems
[Subsystems] Discovering subsystems at path C:/Construction/Construction/Assets
GfxDevice: creating device client; threaded=0
Direct3D:
    Version:  Direct3D 11.0 [level 11.1]
    Renderer: NVIDIA GeForce GTX 1060 (ID=0x1c20)
    Vendor:   
    VRAM:     6052 MB
    Driver:   30.0.14.9613
Initialize mono
<<<<<<< Updated upstream
Mono path[0] = 'C:/Program Files/2020.3.18f1/Editor/Data/Managed'
Mono path[1] = 'C:/Program Files/2020.3.18f1/Editor/Data/MonoBleedingEdge/lib/mono/unityjit'
Mono config path = 'C:/Program Files/2020.3.18f1/Editor/Data/MonoBleedingEdge/etc'
Using monoOptions --debugger-agent=transport=dt_socket,embedding=1,server=y,suspend=n,address=127.0.0.1:56840
Begin MonoManager ReloadAssembly
Registering precompiled unity dll's ...
Register platform support module: C:/Program Files/2020.3.18f1/Editor/Data/PlaybackEngines/WindowsStandaloneSupport/UnityEditor.WindowsStandalone.Extensions.dll
Registered in 0.004268 seconds.
Native extension for WindowsStandalone target not found
Refreshing native plugins compatible for Editor in 330.68 ms, found 2 plugins.
Preloading 0 native plugins for Editor in 0.00 ms.
Mono: successfully reloaded assembly
- Completed reload, in  6.758 seconds
Domain Reload Profiling:
	ReloadAssembly (6758ms)
		BeginReloadAssembly (161ms)
=======
Mono path[0] = 'C:/Program Files/Unity/Hub/Editor/2020.3.18f1/Editor/Data/Managed'
Mono path[1] = 'C:/Program Files/Unity/Hub/Editor/2020.3.18f1/Editor/Data/MonoBleedingEdge/lib/mono/unityjit'
Mono config path = 'C:/Program Files/Unity/Hub/Editor/2020.3.18f1/Editor/Data/MonoBleedingEdge/etc'
Using monoOptions --debugger-agent=transport=dt_socket,embedding=1,server=y,suspend=n,address=127.0.0.1:56400
Begin MonoManager ReloadAssembly
Registering precompiled unity dll's ...
Register platform support module: C:/Program Files/Unity/Hub/Editor/2020.3.18f1/Editor/Data/PlaybackEngines/WindowsStandaloneSupport/UnityEditor.WindowsStandalone.Extensions.dll
Registered in 0.002498 seconds.
Native extension for WindowsStandalone target not found
Refreshing native plugins compatible for Editor in 35.66 ms, found 2 plugins.
Preloading 0 native plugins for Editor in 0.00 ms.
Mono: successfully reloaded assembly
- Completed reload, in  1.294 seconds
Domain Reload Profiling:
	ReloadAssembly (1295ms)
		BeginReloadAssembly (69ms)
>>>>>>> Stashed changes
			ExecutionOrderSort (0ms)
			DisableScriptedObjects (0ms)
			BackupInstance (0ms)
			ReleaseScriptingObjects (0ms)
			CreateAndSetChildDomain (1ms)
<<<<<<< Updated upstream
		EndReloadAssembly (1635ms)
			LoadAssemblies (154ms)
			RebuildTransferFunctionScriptingTraits (0ms)
			SetupTypeCache (519ms)
			ReleaseScriptCaches (0ms)
			RebuildScriptCaches (68ms)
			SetupLoadedEditorAssemblies (868ms)
				LogAssemblyErrors (0ms)
				InitializePlatformSupportModulesInManaged (5ms)
				SetLoadedEditorAssemblies (1ms)
				RefreshPlugins (331ms)
				BeforeProcessingInitializeOnLoad (139ms)
				ProcessInitializeOnLoadAttributes (325ms)
				ProcessInitializeOnLoadMethodAttributes (66ms)
=======
		EndReloadAssembly (495ms)
			LoadAssemblies (66ms)
			RebuildTransferFunctionScriptingTraits (0ms)
			SetupTypeCache (161ms)
			ReleaseScriptCaches (0ms)
			RebuildScriptCaches (36ms)
			SetupLoadedEditorAssemblies (217ms)
				LogAssemblyErrors (0ms)
				InitializePlatformSupportModulesInManaged (4ms)
				SetLoadedEditorAssemblies (0ms)
				RefreshPlugins (36ms)
				BeforeProcessingInitializeOnLoad (21ms)
				ProcessInitializeOnLoadAttributes (113ms)
				ProcessInitializeOnLoadMethodAttributes (43ms)
>>>>>>> Stashed changes
				AfterProcessingInitializeOnLoad (0ms)
				EditorAssembliesLoaded (0ms)
			ExecutionOrderSort2 (0ms)
			AwakeInstancesAfterBackupRestoration (0ms)
Platform modules already initialized, skipping
Registering precompiled user dll's ...
<<<<<<< Updated upstream
Registered in 0.004834 seconds.
Begin MonoManager ReloadAssembly
Native extension for WindowsStandalone target not found
Refreshing native plugins compatible for Editor in 0.43 ms, found 2 plugins.
Preloading 0 native plugins for Editor in 0.00 ms.
Mono: successfully reloaded assembly
- Completed reload, in  2.844 seconds
Domain Reload Profiling:
	ReloadAssembly (2848ms)
		BeginReloadAssembly (484ms)
			ExecutionOrderSort (0ms)
			DisableScriptedObjects (14ms)
			BackupInstance (0ms)
			ReleaseScriptingObjects (0ms)
			CreateAndSetChildDomain (129ms)
		EndReloadAssembly (2194ms)
			LoadAssemblies (297ms)
			RebuildTransferFunctionScriptingTraits (0ms)
			SetupTypeCache (791ms)
			ReleaseScriptCaches (1ms)
			RebuildScriptCaches (122ms)
			SetupLoadedEditorAssemblies (823ms)
				LogAssemblyErrors (0ms)
				InitializePlatformSupportModulesInManaged (25ms)
				SetLoadedEditorAssemblies (1ms)
				RefreshPlugins (1ms)
				BeforeProcessingInitializeOnLoad (162ms)
				ProcessInitializeOnLoadAttributes (608ms)
				ProcessInitializeOnLoadMethodAttributes (14ms)
				AfterProcessingInitializeOnLoad (13ms)
				EditorAssembliesLoaded (0ms)
			ExecutionOrderSort2 (0ms)
			AwakeInstancesAfterBackupRestoration (17ms)
Platform modules already initialized, skipping
========================================================================
Worker process is ready to serve import requests
Launched and connected shader compiler UnityShaderCompiler.exe after 0.37 seconds
Refreshing native plugins compatible for Editor in 2.44 ms, found 2 plugins.
Preloading 0 native plugins for Editor in 0.00 ms.
Unloading 1407 Unused Serialized files (Serialized files now loaded: 0)
System memory in use before: 65.5 MB.
System memory in use after: 65.6 MB.

Unloading 16 unused Assets to reduce memory usage. Loaded Objects now: 1844.
Total: 4.312200 ms (FindLiveObjects: 0.321800 ms CreateObjectMapping: 0.100900 ms MarkObjects: 3.806100 ms  DeleteObjects: 0.079200 ms)
=======
Registered in 0.004741 seconds.
Begin MonoManager ReloadAssembly
Native extension for WindowsStandalone target not found
Refreshing native plugins compatible for Editor in 0.30 ms, found 2 plugins.
Preloading 0 native plugins for Editor in 0.00 ms.
Mono: successfully reloaded assembly
- Completed reload, in  1.099 seconds
Domain Reload Profiling:
	ReloadAssembly (1100ms)
		BeginReloadAssembly (155ms)
			ExecutionOrderSort (0ms)
			DisableScriptedObjects (5ms)
			BackupInstance (0ms)
			ReleaseScriptingObjects (0ms)
			CreateAndSetChildDomain (20ms)
		EndReloadAssembly (869ms)
			LoadAssemblies (99ms)
			RebuildTransferFunctionScriptingTraits (0ms)
			SetupTypeCache (288ms)
			ReleaseScriptCaches (0ms)
			RebuildScriptCaches (46ms)
			SetupLoadedEditorAssemblies (334ms)
				LogAssemblyErrors (0ms)
				InitializePlatformSupportModulesInManaged (6ms)
				SetLoadedEditorAssemblies (0ms)
				RefreshPlugins (0ms)
				BeforeProcessingInitializeOnLoad (88ms)
				ProcessInitializeOnLoadAttributes (223ms)
				ProcessInitializeOnLoadMethodAttributes (6ms)
				AfterProcessingInitializeOnLoad (9ms)
				EditorAssembliesLoaded (0ms)
			ExecutionOrderSort2 (0ms)
			AwakeInstancesAfterBackupRestoration (7ms)
Platform modules already initialized, skipping
========================================================================
Worker process is ready to serve import requests
Launched and connected shader compiler UnityShaderCompiler.exe after 0.06 seconds
Refreshing native plugins compatible for Editor in 0.30 ms, found 2 plugins.
Preloading 0 native plugins for Editor in 0.00 ms.
Unloading 1402 Unused Serialized files (Serialized files now loaded: 0)
System memory in use before: 65.3 MB.
System memory in use after: 65.4 MB.

Unloading 16 unused Assets to reduce memory usage. Loaded Objects now: 1839.
Total: 2.874500 ms (FindLiveObjects: 0.134700 ms CreateObjectMapping: 0.043700 ms MarkObjects: 2.583900 ms  DeleteObjects: 0.111100 ms)
>>>>>>> Stashed changes

AssetImportParameters requested are different than current active one (requested -> active):
  custom:framework-win-MediaFoundation: 216162199b28c13a410421893ffa2e32 -> 
  custom:video-decoder-ogg-theora: a1e56fd34408186e4bbccfd4996cb3dc -> 
  custom:container-muxer-webm: aa71ff27fc2769a1b78a27578f13a17b -> 
  custom:container-demuxer-webm: 4f35f7cbe854078d1ac9338744f61a02 -> 
  custom:container-demuxer-ogg: 62fdf1f143b41e24485cea50d1cbac27 -> 
  custom:video-encoder-webm-vp8: eb34c28f22e8b96e1ab97ce403110664 -> 
  custom:video-decoder-webm-vp8: 9c59270c3fd7afecdb556c50c9e8de78 -> 
  custom:audio-decoder-ogg-vorbis: bf7c407c2cedff20999df2af8eb42d56 -> 
  custom:audio-encoder-webm-vorbis: bf7c407c2cedff20999df2af8eb42d56 -> 
========================================================================
Received Import Request.
<<<<<<< Updated upstream
  path: Assets/Player!.prefab
  artifactKey: Guid(5d6a85c9212c02948918782fff8ac159) Importer(815301076,1909f56bfc062723c751e8b465ee728b)
Start importing Assets/Player!.prefab using Guid(5d6a85c9212c02948918782fff8ac159) Importer(815301076,1909f56bfc062723c751e8b465ee728b)  -> (artifact id: 'ef5d0533eac41a328c6c684e973c4443') in 0.391531 seconds 
  Import took 0.397638 seconds .

========================================================================
Received Import Request.
  Time since last request: 2.313569 seconds.
  path: Assets/Prefabs
  artifactKey: Guid(a9f45f1df08c30e489da4ea4ddcedbd2) Importer(815301076,1909f56bfc062723c751e8b465ee728b)
Start importing Assets/Prefabs using Guid(a9f45f1df08c30e489da4ea4ddcedbd2) Importer(815301076,1909f56bfc062723c751e8b465ee728b)  -> (artifact id: '6ed617382a8ec447d2ec3be8eed10cd2') in 0.049939 seconds 
  Import took 0.112634 seconds .

========================================================================
Received Import Request.
  Time since last request: 4.031077 seconds.
  path: Assets/Prefabs/Player2.prefab
  artifactKey: Guid(acfe4f0c11e63b845b0601681f024b3a) Importer(815301076,1909f56bfc062723c751e8b465ee728b)
Start importing Assets/Prefabs/Player2.prefab using Guid(acfe4f0c11e63b845b0601681f024b3a) Importer(815301076,1909f56bfc062723c751e8b465ee728b)  -> (artifact id: 'fbec2ad616d1aaf6acfe635022af1a9e') in 0.234162 seconds 
  Import took 0.259288 seconds .

========================================================================
Received Import Request.
  Time since last request: 1.035510 seconds.
  path: Assets/Prefabs/Player1.prefab
  artifactKey: Guid(1b31e07ca29758c4e81308dd9c2ec75a) Importer(815301076,1909f56bfc062723c751e8b465ee728b)
Start importing Assets/Prefabs/Player1.prefab using Guid(1b31e07ca29758c4e81308dd9c2ec75a) Importer(815301076,1909f56bfc062723c751e8b465ee728b)  -> (artifact id: '37c114bc83bb5d229ae67aa4edce8610') in 0.866582 seconds 
  Import took 0.910591 seconds .

========================================================================
Received Import Request.
  Time since last request: 0.088843 seconds.
  path: Assets/Prefabs/Main Camera.prefab
  artifactKey: Guid(733b20b8b609b4f4590935e6c37b4e0a) Importer(815301076,1909f56bfc062723c751e8b465ee728b)
Start importing Assets/Prefabs/Main Camera.prefab using Guid(733b20b8b609b4f4590935e6c37b4e0a) Importer(815301076,1909f56bfc062723c751e8b465ee728b)  -> (artifact id: '2401dc813b579d19ce15fdab0252abba') in 0.106542 seconds 
  Import took 0.135263 seconds .

========================================================================
Received Prepare
Registering precompiled user dll's ...
Registered in 0.006149 seconds.
Begin MonoManager ReloadAssembly
Native extension for WindowsStandalone target not found
Refreshing native plugins compatible for Editor in 0.40 ms, found 2 plugins.
Preloading 0 native plugins for Editor in 0.00 ms.
Mono: successfully reloaded assembly
- Completed reload, in  5.659 seconds
Domain Reload Profiling:
	ReloadAssembly (5660ms)
		BeginReloadAssembly (1084ms)
			ExecutionOrderSort (0ms)
			DisableScriptedObjects (19ms)
			BackupInstance (0ms)
			ReleaseScriptingObjects (0ms)
			CreateAndSetChildDomain (754ms)
		EndReloadAssembly (4297ms)
			LoadAssemblies (398ms)
			RebuildTransferFunctionScriptingTraits (0ms)
			SetupTypeCache (1423ms)
			ReleaseScriptCaches (3ms)
			RebuildScriptCaches (477ms)
			SetupLoadedEditorAssemblies (1303ms)
				LogAssemblyErrors (0ms)
				InitializePlatformSupportModulesInManaged (63ms)
				SetLoadedEditorAssemblies (1ms)
				RefreshPlugins (0ms)
				BeforeProcessingInitializeOnLoad (299ms)
				ProcessInitializeOnLoadAttributes (923ms)
				ProcessInitializeOnLoadMethodAttributes (7ms)
				AfterProcessingInitializeOnLoad (10ms)
				EditorAssembliesLoaded (0ms)
			ExecutionOrderSort2 (0ms)
			AwakeInstancesAfterBackupRestoration (39ms)
Platform modules already initialized, skipping
Refreshing native plugins compatible for Editor in 0.72 ms, found 2 plugins.
Preloading 0 native plugins for Editor in 0.00 ms.
Unloading 1401 Unused Serialized files (Serialized files now loaded: 0)
System memory in use before: 82.2 MB.
System memory in use after: 82.3 MB.

Unloading 12 unused Assets to reduce memory usage. Loaded Objects now: 1854.
Total: 18.139100 ms (FindLiveObjects: 3.848500 ms CreateObjectMapping: 1.274400 ms MarkObjects: 12.935600 ms  DeleteObjects: 0.074900 ms)
=======
  path: Assets/Scenes
  artifactKey: Guid(7a11fffbd8f0b764aa9dae80bd6023d0) Importer(815301076,1909f56bfc062723c751e8b465ee728b)
Start importing Assets/Scenes using Guid(7a11fffbd8f0b764aa9dae80bd6023d0) Importer(815301076,1909f56bfc062723c751e8b465ee728b)  -> (artifact id: '8fdd364b3e6925ada7942f1f3875e2b5') in 0.005070 seconds 
  Import took 0.007542 seconds .

========================================================================
Received Import Request.
  Time since last request: 0.000728 seconds.
  path: Assets/Scenes/MichalTest.unity
  artifactKey: Guid(fa13215602e81f94d8b4d778ac126ab9) Importer(815301076,1909f56bfc062723c751e8b465ee728b)
Start importing Assets/Scenes/MichalTest.unity using Guid(fa13215602e81f94d8b4d778ac126ab9) Importer(815301076,1909f56bfc062723c751e8b465ee728b)  -> (artifact id: 'd276f550d93478e377732241a89de258') in 0.012686 seconds 
  Import took 0.015384 seconds .

========================================================================
Received Import Request.
  Time since last request: 212.941791 seconds.
  path: Assets/Scenes/KianTest.unity
  artifactKey: Guid(155ffff4b98bcc44082b5c2ffbed9071) Importer(815301076,1909f56bfc062723c751e8b465ee728b)
Start importing Assets/Scenes/KianTest.unity using Guid(155ffff4b98bcc44082b5c2ffbed9071) Importer(815301076,1909f56bfc062723c751e8b465ee728b)  -> (artifact id: '376e08b5cdbacc6be2fe622b11b11dd7') in 0.004884 seconds 
  Import took 0.008382 seconds .

========================================================================
Received Import Request.
  Time since last request: 7.050678 seconds.
  path: Assets/Scenes/MichalTest.unity
  artifactKey: Guid(fa13215602e81f94d8b4d778ac126ab9) Importer(815301076,1909f56bfc062723c751e8b465ee728b)
Start importing Assets/Scenes/MichalTest.unity using Guid(fa13215602e81f94d8b4d778ac126ab9) Importer(815301076,1909f56bfc062723c751e8b465ee728b)  -> (artifact id: '338f11e7896d9e8320269cf93537ac38') in 0.004259 seconds 
  Import took 0.007106 seconds .

========================================================================
Received Import Request.
  Time since last request: 112.144132 seconds.
  path: Assets/Platforms/girdir 1m #1.fbx
  artifactKey: Guid(aa6ae9db87912cf479833bcb5c56ac09) Importer(815301076,1909f56bfc062723c751e8b465ee728b)
Start importing Assets/Platforms/girdir 1m #1.fbx using Guid(aa6ae9db87912cf479833bcb5c56ac09) Importer(815301076,1909f56bfc062723c751e8b465ee728b)  -> (artifact id: '1f7b5f52a2bf5ba20aba631a12348077') in 0.253628 seconds 
  Import took 0.257356 seconds .

========================================================================
Received Import Request.
  Time since last request: 0.000558 seconds.
  path: Assets/Platforms/girdir 2m #2.fbx
  artifactKey: Guid(f0bb13db9c6e7df41a6590d170cb6015) Importer(815301076,1909f56bfc062723c751e8b465ee728b)
Start importing Assets/Platforms/girdir 2m #2.fbx using Guid(f0bb13db9c6e7df41a6590d170cb6015) Importer(815301076,1909f56bfc062723c751e8b465ee728b)  -> (artifact id: '94b37f0c1bb5f3516caac06c4ca97d27') in 0.031636 seconds 
  Import took 0.034370 seconds .

========================================================================
Received Import Request.
  Time since last request: 0.000459 seconds.
  path: Assets/Platforms/girdir 2m #3.fbx
  artifactKey: Guid(1403268d9806f804abd8088a2f22cc4b) Importer(815301076,1909f56bfc062723c751e8b465ee728b)
Start importing Assets/Platforms/girdir 2m #3.fbx using Guid(1403268d9806f804abd8088a2f22cc4b) Importer(815301076,1909f56bfc062723c751e8b465ee728b)  -> (artifact id: 'ed4041f9d7703501c1d0ef0f9714cc10') in 0.034380 seconds 
  Import took 0.037311 seconds .

========================================================================
Received Import Request.
  Time since last request: 0.000661 seconds.
  path: Assets/Platforms/girdir 4m #1.fbx
  artifactKey: Guid(0a21123ab65808d4d8380174329845dd) Importer(815301076,1909f56bfc062723c751e8b465ee728b)
Start importing Assets/Platforms/girdir 4m #1.fbx using Guid(0a21123ab65808d4d8380174329845dd) Importer(815301076,1909f56bfc062723c751e8b465ee728b)  -> (artifact id: 'ff9d4b7846ef1d5355573059ee07cd26') in 0.053876 seconds 
  Import took 0.057653 seconds .

========================================================================
Received Import Request.
  Time since last request: 0.000618 seconds.
  path: Assets/Platforms/girdir 2m #1.fbx
  artifactKey: Guid(a0b0d6afc090b974c9b399051db73073) Importer(815301076,1909f56bfc062723c751e8b465ee728b)
Start importing Assets/Platforms/girdir 2m #1.fbx using Guid(a0b0d6afc090b974c9b399051db73073) Importer(815301076,1909f56bfc062723c751e8b465ee728b)  -> (artifact id: 'd66f91f8b2cd94116fc5f091772649d0') in 0.032937 seconds 
  Import took 0.036740 seconds .

========================================================================
Received Import Request.
  Time since last request: 34.906885 seconds.
  path: Assets/Scenes/MichalTest.unity
  artifactKey: Guid(fa13215602e81f94d8b4d778ac126ab9) Importer(815301076,1909f56bfc062723c751e8b465ee728b)
Start importing Assets/Scenes/MichalTest.unity using Guid(fa13215602e81f94d8b4d778ac126ab9) Importer(815301076,1909f56bfc062723c751e8b465ee728b)  -> (artifact id: '99dba9cb04cb0f8f0fdf80a091770568') in 0.005564 seconds 
  Import took 0.008661 seconds .

========================================================================
Received Import Request.
  Time since last request: 1504.112889 seconds.
  path: Assets/Pr/GameObject.prefab
  artifactKey: Guid(d11754603d827cf44a7773f2c4efc031) Importer(815301076,1909f56bfc062723c751e8b465ee728b)
Start importing Assets/Pr/GameObject.prefab using Guid(d11754603d827cf44a7773f2c4efc031) Importer(815301076,1909f56bfc062723c751e8b465ee728b)  -> (artifact id: 'a2a68874a25bcc674070769c1b4c1c61') in 0.086642 seconds 
  Import took 0.090491 seconds .

========================================================================
Received Import Request.
  Time since last request: 1.945152 seconds.
  path: Assets/Player/Character_Texture.png
  artifactKey: Guid(707a13a4877f4f242822ffe0b6c18850) Importer(815301076,1909f56bfc062723c751e8b465ee728b)
Start importing Assets/Player/Character_Texture.png using Guid(707a13a4877f4f242822ffe0b6c18850) Importer(815301076,1909f56bfc062723c751e8b465ee728b)  -> (artifact id: 'cd5c8920aeb1253b25c0ea24a5e0cdc7') in 0.032687 seconds 
  Import took 0.035252 seconds .
>>>>>>> Stashed changes

========================================================================
<<<<<<< Updated upstream
Received Prepare
Registering precompiled user dll's ...
Registered in 0.062094 seconds.
Begin MonoManager ReloadAssembly
Native extension for WindowsStandalone target not found
Refreshing native plugins compatible for Editor in 0.72 ms, found 2 plugins.
Preloading 0 native plugins for Editor in 0.00 ms.
Mono: successfully reloaded assembly
- Completed reload, in  6.547 seconds
Domain Reload Profiling:
	ReloadAssembly (6550ms)
		BeginReloadAssembly (754ms)
			ExecutionOrderSort (0ms)
			DisableScriptedObjects (38ms)
			BackupInstance (0ms)
			ReleaseScriptingObjects (0ms)
			CreateAndSetChildDomain (288ms)
		EndReloadAssembly (5638ms)
			LoadAssemblies (283ms)
			RebuildTransferFunctionScriptingTraits (0ms)
			SetupTypeCache (2112ms)
			ReleaseScriptCaches (2ms)
			RebuildScriptCaches (331ms)
			SetupLoadedEditorAssemblies (1153ms)
				LogAssemblyErrors (0ms)
				InitializePlatformSupportModulesInManaged (10ms)
				SetLoadedEditorAssemblies (1ms)
				RefreshPlugins (1ms)
				BeforeProcessingInitializeOnLoad (246ms)
				ProcessInitializeOnLoadAttributes (820ms)
				ProcessInitializeOnLoadMethodAttributes (48ms)
				AfterProcessingInitializeOnLoad (27ms)
				EditorAssembliesLoaded (1ms)
			ExecutionOrderSort2 (0ms)
			AwakeInstancesAfterBackupRestoration (59ms)
Platform modules already initialized, skipping
Refreshing native plugins compatible for Editor in 0.44 ms, found 2 plugins.
Preloading 0 native plugins for Editor in 0.00 ms.
Unloading 1401 Unused Serialized files (Serialized files now loaded: 0)
System memory in use before: 82.2 MB.
System memory in use after: 82.3 MB.

Unloading 11 unused Assets to reduce memory usage. Loaded Objects now: 1856.
Total: 8.052700 ms (FindLiveObjects: 0.520500 ms CreateObjectMapping: 0.066700 ms MarkObjects: 7.426200 ms  DeleteObjects: 0.031200 ms)
=======
Received Import Request.
  Time since last request: 0.000423 seconds.
  path: Assets/Player/PlayerModel.fbx
  artifactKey: Guid(8c9883048324796479396f7f65c42307) Importer(815301076,1909f56bfc062723c751e8b465ee728b)
Start importing Assets/Player/PlayerModel.fbx using Guid(8c9883048324796479396f7f65c42307) Importer(815301076,1909f56bfc062723c751e8b465ee728b)  -> (artifact id: '4e8448366f8e5964ea960b4fd9e05fb0') in 0.035042 seconds 
  Import took 0.037555 seconds .

========================================================================
Received Import Request.
  Time since last request: 0.000522 seconds.
  path: Assets/Player/RedMat.mat
  artifactKey: Guid(e7abd0c8f213b1947a2bf843b8ecced3) Importer(815301076,1909f56bfc062723c751e8b465ee728b)
Start importing Assets/Player/RedMat.mat using Guid(e7abd0c8f213b1947a2bf843b8ecced3) Importer(815301076,1909f56bfc062723c751e8b465ee728b)  -> (artifact id: '943e57de3dfd230c1a509af925bd54d4') in 0.017525 seconds 
  Import took 0.020270 seconds .

========================================================================
Received Import Request.
  Time since last request: 0.000728 seconds.
  path: Assets/Player/Low of Solipsism - Death Note [Extended].mp3
  artifactKey: Guid(ce29b298128ed074aa582bcb63c8aee8) Importer(815301076,1909f56bfc062723c751e8b465ee728b)
Start importing Assets/Player/Low of Solipsism - Death Note [Extended].mp3 using Guid(ce29b298128ed074aa582bcb63c8aee8) Importer(815301076,1909f56bfc062723c751e8b465ee728b)  -> (artifact id: '67b9ad27b2b681a75ba87db380415e43') in 0.038845 seconds 
  Import took 0.042600 seconds .

========================================================================
Received Import Request.
  Time since last request: 0.000549 seconds.
  path: Assets/Player/PlayerMat.mat
  artifactKey: Guid(441dde897fe0ce24b8e23e441d9fd2ad) Importer(815301076,1909f56bfc062723c751e8b465ee728b)
Start importing Assets/Player/PlayerMat.mat using Guid(441dde897fe0ce24b8e23e441d9fd2ad) Importer(815301076,1909f56bfc062723c751e8b465ee728b)  -> (artifact id: 'fa42b7ac5cbd4df6e2075469102f7f8f') in 0.014891 seconds 
  Import took 0.019468 seconds .

========================================================================
Received Import Request.
  Time since last request: 244.099475 seconds.
  path: Assets/Scenes/MichalTest.unity
  artifactKey: Guid(fa13215602e81f94d8b4d778ac126ab9) Importer(815301076,1909f56bfc062723c751e8b465ee728b)
Start importing Assets/Scenes/MichalTest.unity using Guid(fa13215602e81f94d8b4d778ac126ab9) Importer(815301076,1909f56bfc062723c751e8b465ee728b)  -> (artifact id: 'e2fa74e7cba9ab0af11cf91310ab1058') in 0.003690 seconds 
  Import took 0.007700 seconds .

========================================================================
Received Import Request.
  Time since last request: 227.287975 seconds.
  path: Assets/Other models/box.prefab
  artifactKey: Guid(3a0a63130ee53d94584af1d998caf974) Importer(815301076,1909f56bfc062723c751e8b465ee728b)
Start importing Assets/Other models/box.prefab using Guid(3a0a63130ee53d94584af1d998caf974) Importer(815301076,1909f56bfc062723c751e8b465ee728b)  -> (artifact id: '93dd5d3438fd9d8c81df1ab2ef69efb3') in 0.021681 seconds 
  Import took 0.024725 seconds .
>>>>>>> Stashed changes

========================================================================
Received Import Request.
<<<<<<< Updated upstream
  Time since last request: 168.308202 seconds.
  path: Assets/Scenes/SampleScene.unity
  artifactKey: Guid(9fc0d4010bbf28b4594072e72b8655ab) Importer(815301076,1909f56bfc062723c751e8b465ee728b)
Start importing Assets/Scenes/SampleScene.unity using Guid(9fc0d4010bbf28b4594072e72b8655ab) Importer(815301076,1909f56bfc062723c751e8b465ee728b)  -> (artifact id: '60196b8bb7babd16c9d7477ce7754aaa') in 0.418160 seconds 
  Import took 0.469612 seconds .

========================================================================
Received Import Request.
  Time since last request: 5.779999 seconds.
  path: Assets/Scenes/Playercontroll.unity
  artifactKey: Guid(ed9f5aa056f95404f81e405ac32845bb) Importer(815301076,1909f56bfc062723c751e8b465ee728b)
Start importing Assets/Scenes/Playercontroll.unity using Guid(ed9f5aa056f95404f81e405ac32845bb) Importer(815301076,1909f56bfc062723c751e8b465ee728b)  -> (artifact id: '081533fe5fb9f2f15ac333f68d4d1033') in 0.366806 seconds 
  Import took 0.383666 seconds .
=======
  Time since last request: 0.000496 seconds.
  path: Assets/Other models/button.prefab
  artifactKey: Guid(fc8c1882f4dea434db63030d1e05eb81) Importer(815301076,1909f56bfc062723c751e8b465ee728b)
Start importing Assets/Other models/button.prefab using Guid(fc8c1882f4dea434db63030d1e05eb81) Importer(815301076,1909f56bfc062723c751e8b465ee728b)  -> (artifact id: '0eebefc6d0c5702bcb61489a8af9f831') in 0.016940 seconds 
  Import took 0.019990 seconds .

========================================================================
Received Import Request.
  Time since last request: 37.563968 seconds.
  path: Assets/Scenes/MichalTest.unity
  artifactKey: Guid(fa13215602e81f94d8b4d778ac126ab9) Importer(815301076,1909f56bfc062723c751e8b465ee728b)
Start importing Assets/Scenes/MichalTest.unity using Guid(fa13215602e81f94d8b4d778ac126ab9) Importer(815301076,1909f56bfc062723c751e8b465ee728b)  -> (artifact id: '735fe280cdb6989cd29bd53ecba56ed6') in 0.004526 seconds 
  Import took 0.007729 seconds .

========================================================================
Received Import Request.
  Time since last request: 232.471356 seconds.
  path: Assets/Danger/Materials/Materials/Nail gun texture.mat
  artifactKey: Guid(c3d666c650c598b4e8d75796aaedc637) Importer(815301076,1909f56bfc062723c751e8b465ee728b)
Start importing Assets/Danger/Materials/Materials/Nail gun texture.mat using Guid(c3d666c650c598b4e8d75796aaedc637) Importer(815301076,1909f56bfc062723c751e8b465ee728b)  -> (artifact id: '3b871288b9352dd311414a1e5519cd22') in 0.016510 seconds 
  Import took 0.020629 seconds .

========================================================================
Received Import Request.
  Time since last request: 0.000542 seconds.
  path: Assets/Danger/Materials/Materials/Spikes texture.mat
  artifactKey: Guid(cd8f93ccdccd6b848be6f9591147367e) Importer(815301076,1909f56bfc062723c751e8b465ee728b)
Start importing Assets/Danger/Materials/Materials/Spikes texture.mat using Guid(cd8f93ccdccd6b848be6f9591147367e) Importer(815301076,1909f56bfc062723c751e8b465ee728b)  -> (artifact id: '294bb44798cfaa8e61ffd62dd50729a2') in 0.012677 seconds 
  Import took 0.016131 seconds .
>>>>>>> Stashed changes

AssetImportWorkerClient::OnTransportError - code=2 error=End of file
